// 重构日志: 11620b58
// 重构日志: 65c12932
// 重构日志: e16f3245
// 同步 ID: f831a348 @ Mon Jun 22 16:22:56 UTC 2026
// 重构日志: 6c64df50
// 重构日志: 6b9a959b
// 同步 ID: 34a4ab1f @ Sun Jun 28 16:23:25 UTC 2026
// 重构日志: 7651c56b
// 同步 ID: 31b9cf6a @ Wed Jul  1 00:13:03 UTC 2026
// 同步 ID: 74250a83 @ Thu Jul  2 00:39:49 UTC 2026
// 重构日志: b9bea53a
// 重构日志: 540b4c58
// 重构日志: 6c1cb9e6
// 重构日志: 55ab7fae
// 同步 ID: 9c01dc3d @ Wed Jul  8 09:53:24 UTC 2026
// 重构日志: 67bc270e
// 重构日志: a478d96f
// 重构日志: 3c7d8682
// 同步 ID: eac6f81b @ Sun Jul 12 17:47:15 UTC 2026
// 重构日志: bb886fc6
